[2025-05-22 14:46:00] [DEBUG] Tentative d'inclusion du fichier de connexion
[2025-05-22 14:46:00] [DEBUG] Fichier de connexion inclus
[2025-05-22 14:46:00] [DEBUG] Vérification de la fonction connectDB()
[2025-05-22 14:46:00] [DEBUG] La fonction connectDB() existe
[2025-05-22 14:46:00] [INFO] Connexion à la base de données réussie
[2025-05-22 14:46:00] [DEBUG] Tentative d'inclusion du fichier de connexion
[2025-05-22 14:46:00] [DEBUG] Fichier de connexion inclus
[2025-05-22 14:46:00] [DEBUG] Vérification de la fonction connectDB()
[2025-05-22 14:46:00] [DEBUG] La fonction connectDB() existe
[2025-05-22 14:46:00] [INFO] Connexion à la base de données réussie
[2025-05-22 14:46:26] [DEBUG] Tentative d'inclusion du fichier de connexion
[2025-05-22 14:46:26] [DEBUG] Fichier de connexion inclus
[2025-05-22 14:46:26] [DEBUG] Vérification de la fonction connectDB()
[2025-05-22 14:46:26] [DEBUG] La fonction connectDB() existe
[2025-05-22 14:46:26] [INFO] Connexion à la base de données réussie
[2025-05-22 14:46:32] [DEBUG] Tentative d'inclusion du fichier de connexion
[2025-05-22 14:46:32] [DEBUG] Fichier de connexion inclus
[2025-05-22 14:46:32] [DEBUG] Vérification de la fonction connectDB()
[2025-05-22 14:46:32] [DEBUG] La fonction connectDB() existe
[2025-05-22 14:46:32] [INFO] Connexion à la base de données réussie
[2025-05-22 14:46:39] [DEBUG] Tentative d'inclusion du fichier de connexion
[2025-05-22 14:46:39] [DEBUG] Fichier de connexion inclus
[2025-05-22 14:46:39] [DEBUG] Vérification de la fonction connectDB()
[2025-05-22 14:46:39] [DEBUG] La fonction connectDB() existe
[2025-05-22 14:46:39] [INFO] Connexion à la base de données réussie
