[2025-05-19 14:32:36] [DEBUG] Tentative d'inclusion du fichier de connexion
[2025-05-19 14:32:36] [DEBUG] Fichier de connexion inclus
[2025-05-19 14:32:36] [DEBUG] Vérification de la fonction connectDB()
[2025-05-19 14:32:36] [DEBUG] La fonction connectDB() existe
[2025-05-19 14:32:36] [INFO] Connexion à la base de données réussie
[2025-05-19 14:32:51] [DEBUG] Tentative d'inclusion du fichier de connexion
[2025-05-19 14:32:51] [DEBUG] Fichier de connexion inclus
[2025-05-19 14:32:51] [DEBUG] Vérification de la fonction connectDB()
[2025-05-19 14:32:51] [DEBUG] La fonction connectDB() existe
[2025-05-19 14:32:51] [INFO] Connexion à la base de données réussie
[2025-05-19 14:33:02] [DEBUG] Tentative d'inclusion du fichier de connexion
[2025-05-19 14:33:02] [DEBUG] Fichier de connexion inclus
[2025-05-19 14:33:02] [DEBUG] Vérification de la fonction connectDB()
[2025-05-19 14:33:02] [DEBUG] La fonction connectDB() existe
[2025-05-19 14:33:02] [INFO] Connexion à la base de données réussie
[2025-05-19 14:33:12] [DEBUG] Tentative d'inclusion du fichier de connexion
[2025-05-19 14:33:12] [DEBUG] Fichier de connexion inclus
[2025-05-19 14:33:12] [DEBUG] Vérification de la fonction connectDB()
[2025-05-19 14:33:12] [DEBUG] La fonction connectDB() existe
[2025-05-19 14:33:12] [INFO] Connexion à la base de données réussie
[2025-05-19 14:33:28] [DEBUG] Tentative d'inclusion du fichier de connexion
[2025-05-19 14:33:28] [DEBUG] Fichier de connexion inclus
[2025-05-19 14:33:28] [DEBUG] Vérification de la fonction connectDB()
[2025-05-19 14:33:28] [DEBUG] La fonction connectDB() existe
[2025-05-19 14:33:28] [INFO] Connexion à la base de données réussie
[2025-05-19 14:33:35] [DEBUG] Tentative d'inclusion du fichier de connexion
[2025-05-19 14:33:35] [DEBUG] Fichier de connexion inclus
[2025-05-19 14:33:35] [DEBUG] Vérification de la fonction connectDB()
[2025-05-19 14:33:35] [DEBUG] La fonction connectDB() existe
[2025-05-19 14:33:35] [INFO] Connexion à la base de données réussie
[2025-05-19 14:33:53] [DEBUG] Tentative d'inclusion du fichier de connexion
[2025-05-19 14:33:53] [DEBUG] Fichier de connexion inclus
[2025-05-19 14:33:53] [DEBUG] Vérification de la fonction connectDB()
[2025-05-19 14:33:53] [DEBUG] La fonction connectDB() existe
[2025-05-19 14:33:53] [INFO] Connexion à la base de données réussie
[2025-05-19 14:36:31] [DEBUG] Tentative d'inclusion du fichier de connexion
[2025-05-19 14:36:31] [DEBUG] Fichier de connexion inclus
[2025-05-19 14:36:31] [DEBUG] Vérification de la fonction connectDB()
[2025-05-19 14:36:31] [DEBUG] La fonction connectDB() existe
[2025-05-19 14:36:31] [INFO] Connexion à la base de données réussie
[2025-05-19 14:36:46] [DEBUG] Tentative d'inclusion du fichier de connexion
[2025-05-19 14:36:46] [DEBUG] Fichier de connexion inclus
[2025-05-19 14:36:46] [DEBUG] Vérification de la fonction connectDB()
[2025-05-19 14:36:46] [DEBUG] La fonction connectDB() existe
[2025-05-19 14:36:46] [INFO] Connexion à la base de données réussie
[2025-05-19 14:36:55] [DEBUG] Tentative d'inclusion du fichier de connexion
[2025-05-19 14:36:55] [DEBUG] Fichier de connexion inclus
[2025-05-19 14:36:55] [DEBUG] Vérification de la fonction connectDB()
[2025-05-19 14:36:55] [DEBUG] La fonction connectDB() existe
[2025-05-19 14:36:55] [INFO] Connexion à la base de données réussie
[2025-05-19 14:46:41] [DEBUG] Tentative d'inclusion du fichier de connexion
[2025-05-19 14:46:41] [DEBUG] Fichier de connexion inclus
[2025-05-19 14:46:41] [DEBUG] Vérification de la fonction connectDB()
[2025-05-19 14:46:41] [DEBUG] La fonction connectDB() existe
[2025-05-19 14:46:41] [INFO] Connexion à la base de données réussie
[2025-05-19 14:46:48] [DEBUG] Tentative d'inclusion du fichier de connexion
[2025-05-19 14:46:48] [DEBUG] Fichier de connexion inclus
[2025-05-19 14:46:48] [DEBUG] Vérification de la fonction connectDB()
[2025-05-19 14:46:48] [DEBUG] La fonction connectDB() existe
[2025-05-19 14:46:48] [INFO] Connexion à la base de données réussie
[2025-05-19 14:47:10] [DEBUG] Tentative d'inclusion du fichier de connexion
[2025-05-19 14:47:10] [DEBUG] Fichier de connexion inclus
[2025-05-19 14:47:10] [DEBUG] Vérification de la fonction connectDB()
[2025-05-19 14:47:10] [DEBUG] La fonction connectDB() existe
[2025-05-19 14:47:10] [INFO] Connexion à la base de données réussie
[2025-05-19 14:47:53] [DEBUG] Tentative d'inclusion du fichier de connexion
[2025-05-19 14:47:53] [DEBUG] Fichier de connexion inclus
[2025-05-19 14:47:53] [DEBUG] Vérification de la fonction connectDB()
[2025-05-19 14:47:53] [DEBUG] La fonction connectDB() existe
[2025-05-19 14:47:53] [INFO] Connexion à la base de données réussie
[2025-05-19 14:49:14] [DEBUG] Tentative d'inclusion du fichier de connexion
[2025-05-19 14:49:14] [DEBUG] Fichier de connexion inclus
[2025-05-19 14:49:14] [DEBUG] Vérification de la fonction connectDB()
[2025-05-19 14:49:14] [DEBUG] La fonction connectDB() existe
[2025-05-19 14:49:14] [INFO] Connexion à la base de données réussie
[2025-05-19 14:49:26] [DEBUG] Tentative d'inclusion du fichier de connexion
[2025-05-19 14:49:26] [DEBUG] Fichier de connexion inclus
[2025-05-19 14:49:26] [DEBUG] Vérification de la fonction connectDB()
[2025-05-19 14:49:26] [DEBUG] La fonction connectDB() existe
[2025-05-19 14:49:26] [INFO] Connexion à la base de données réussie
[2025-05-19 14:53:05] [DEBUG] Tentative d'inclusion du fichier de connexion
[2025-05-19 14:53:05] [DEBUG] Fichier de connexion inclus
[2025-05-19 14:53:05] [DEBUG] Vérification de la fonction connectDB()
[2025-05-19 14:53:05] [DEBUG] La fonction connectDB() existe
[2025-05-19 14:53:05] [INFO] Connexion à la base de données réussie
[2025-05-19 14:53:40] [DEBUG] Tentative d'inclusion du fichier de connexion
[2025-05-19 14:53:40] [DEBUG] Fichier de connexion inclus
[2025-05-19 14:53:40] [DEBUG] Vérification de la fonction connectDB()
[2025-05-19 14:53:40] [DEBUG] La fonction connectDB() existe
[2025-05-19 14:53:40] [INFO] Connexion à la base de données réussie
